Arguments: 
  /Users/cg/.nvm/versions/node/v16.19.0/bin/node /usr/local/Cellar/yarn/1.13.0/libexec/bin/yarn.js install

PATH: 
  /Users/cg/.pyenv/plugins/pyenv-virtualenv/shims:/Users/cg/.pyenv/shims:/Users/cg/.pyenv/bin:/Users/cg/.nvm/versions/node/v16.19.0/bin:/usr/local/bin:/usr/bin:/bin:/usr/sbin:/sbin:/opt/X11/bin:/usr/local/CrossPack-AVR/bin:/usr/local/go/bin:/usr/local/MacGPG2/bin:/opt/puppetlabs/bin:/Users/cg/bin:/usr/local/bin/bin/:/usr/local:/usr/local/bin:/usr/local/sbin:/opt/local/bin:/opt/local/sbin:/Users/cg/Applications:/Developer/usr/bin/git:/usr/local/mysql/bin:/Users/cg/.composer/vendor/bin/:/Users/cg/.npm-packages/bin:/usr/local/mongodb/bin:/opt/local/bin:/opt/local/sbin:/usr/local/php5/bin:/usr/local/lib/node_modules/npm:/Work/base/js/jsl-0.3.0-mac:/usr/local/lib/node:/Users/cg/.npm-packages/lib/node_modules:/Users/cg/.node/lib/node_modules/:/Users/cg/.node/bin:/usr/local/Library/Formula/:/Users/cg/Library/Android/sdk/tools:/Users/cg/Library/Android/sdk/platform-tools:/Users/cg/flutter/bin:/Users/cg/.rvm/bin:/Users/cg/.platformio/penv/bin:/Users/cg/includes/esp/xtensa-esp32-elf/bin:/Users/cg/includes/esp32/xtensa-esp32-elf/bin

Yarn version: 
  1.13.0

Node version: 
  16.19.0

Platform: 
  darwin x64

Trace: 
  Error: ENOENT: no such file or directory, copyfile '/Users/cg/Library/Caches/Yarn/v4/npm-cookie-0.5.0-d1f5d71adec6558c58f389987c366aa47e994f8b/node_modules/cookie/HISTORY.md' -> '/Users/cg/worx/svelte/greenmusk/node_modules/@sveltejs/kit/node_modules/cookie/HISTORY.md'

npm manifest: 
  {
    "name": "greenmusk",
    "version": "0.0.1",
    "private": true,
    "scripts": {
      "start": "node ./bin/www",
      "dev": "vite dev",
      "build": "vite build",
      "preview": "vite preview",
      "check": "svelte-kit sync && svelte-check --tsconfig ./tsconfig.json",
      "check:watch": "svelte-kit sync && svelte-check --tsconfig ./tsconfig.json --watch"
    },
    "devDependencies": {
      "@sveltejs/adapter-auto": "^2.0.0",
      "@sveltejs/adapter-node": "^1.3.1",
      "@sveltejs/kit": "^1.20.4",
      "@types/express": "^4.17.17",
      "autoprefixer": "^10.4.14",
      "esbuild-wasm": "^0.19.3",
      "flowbite-svelte": "^0.44.15",
      "flowbite-svelte-blocks": "^0.5.1",
      "flowbite-svelte-icons": "^0.4.4",
      "flowbite-typography": "^1.0.3",
      "houdini": "^1.2.9",
      "houdini-svelte": "^1.2.9",
      "postcss": "^8.4.24",
      "postcss-load-config": "^4.0.1",
      "svelte": "^4.0.5",
      "svelte-check": "^3.4.3",
      "tailwindcss": "^3.3.2",
      "tslib": "^2.4.1",
      "typescript": "^5.0.0",
      "vite": "^4.4.2"
    },
    "pnpm": {
      "overrides": {
        "esbuild": "npm:esbuild-wasm@latest"
      }
    },
    "type": "module",
    "dependencies": {
      "@fortawesome/free-solid-svg-icons": "^6.4.2",
      "bcrypt": "^5.1.0",
      "bootstrap": "4",
      "cookie-parser": "~1.4.4",
      "debug": "~2.6.9",
      "dotenv": "^16.0.3",
      "express": "~4.16.1",
      "graphql": "^16.8.0",
      "http-errors": "~1.6.3",
      "jsonwebtoken": "^9.0.0",
      "mongodb": "^4.13.0",
      "morgan": "~1.9.1",
      "path": "^0.12.7",
      "svelte-fa": "^3.0.4",
      "urql": "^4.0.5"
    }
  }

yarn manifest: 
  No manifest

Lockfile: 
  No lockfile
